<?xml version="1.0" encoding="UTF-8"?>
<coverage generated="1762805676724" clover="3.2.0">
  <project timestamp="1762805676725" name="All files">
    <metrics statements="5" coveredstatements="1" conditionals="0" coveredconditionals="0" methods="4" coveredmethods="1" elements="9" coveredelements="2" complexity="0" loc="5" ncloc="5" packages="1" files="3" classes="3"/>
    <file name="App.jsx" path="/Users/susankoju/projects/my-app/src/App.jsx">
      <metrics statements="3" coveredstatements="0" conditionals="0" coveredconditionals="0" methods="3" coveredmethods="0"/>
      <line num="7" count="0" type="stmt"/>
      <line num="9" count="0" type="stmt"/>
      <line num="21" count="0" type="stmt"/>
    </file>
    <file name="Hello.js" path="/Users/susankoju/projects/my-app/src/Hello.js">
      <metrics statements="1" coveredstatements="1" conditionals="0" coveredconditionals="0" methods="1" coveredmethods="1"/>
      <line num="2" count="1" type="stmt"/>
    </file>
    <file name="main.jsx" path="/Users/susankoju/projects/my-app/src/main.jsx">
      <metrics statements="1" coveredstatements="0" conditionals="0" coveredconditionals="0" methods="0" coveredmethods="0"/>
      <line num="6" count="0" type="stmt"/>
    </file>
  </project>
</coverage>
