{"/Users/susankoju/projects/my-app/src/App.jsx": {"path":"/Users/susankoju/projects/my-app/src/App.jsx","statementMap":{"0":{"start":{"line":7,"column":28},"end":{"line":7,"column":39}},"1":{"start":{"line":9,"column":2},"end":{"line":32,"column":3}},"2":{"start":{"line":21,"column":31},"end":{"line":21,"column":61}},"3":{"start":{"line":21,"column":51},"end":{"line":21,"column":60}}},"fnMap":{"0":{"name":"App","decl":{"start":{"line":6,"column":9},"end":{"line":6,"column":12}},"loc":{"start":{"line":6,"column":15},"end":{"line":33,"column":1}},"line":6},"1":{"name":"(anonymous_1)","decl":{"start":{"line":21,"column":25},"end":{"line":21,"column":26}},"loc":{"start":{"line":21,"column":31},"end":{"line":21,"column":61}},"line":21},"2":{"name":"(anonymous_2)","decl":{"start":{"line":21,"column":40},"end":{"line":21,"column":41}},"loc":{"start":{"line":21,"column":51},"end":{"line":21,"column":60}},"line":21}},"branchMap":{},"s":{"0":0,"1":0,"2":0,"3":0},"f":{"0":0,"1":0,"2":0},"b":{}}
,"/Users/susankoju/projects/my-app/src/Hello.js": {"path":"/Users/susankoju/projects/my-app/src/Hello.js","statementMap":{"0":{"start":{"line":2,"column":2},"end":{"line":2,"column":33}}},"fnMap":{"0":{"name":"Hello","decl":{"start":{"line":1,"column":24},"end":{"line":1,"column":29}},"loc":{"start":{"line":1,"column":40},"end":{"line":3,"column":1}},"line":1}},"branchMap":{},"s":{"0":1},"f":{"0":1},"b":{},"_coverageSchema":"1a1c01bbd47fc00a2c39e90264f33305004495a9","hash":"f970faa029ee65f79c823b648f2549ea75827ef5"}
,"/Users/susankoju/projects/my-app/src/main.jsx": {"path":"/Users/susankoju/projects/my-app/src/main.jsx","statementMap":{"0":{"start":{"line":6,"column":0},"end":{"line":10,"column":1}}},"fnMap":{},"branchMap":{},"s":{"0":0},"f":{},"b":{}}
}
